<?xml version="1.0" encoding="UTF-8"?>
<!-- Generated by org.testng.reporters.JUnitReportReporter -->
<testsuite hostname="GK" failures="0" tests="2" name="tests.SportsdTest" time="22.966" errors="0" timestamp="2021-01-08T11:30:26 GMT" skipped="0">
  <testcase classname="tests.SportsdTest" name="verifySportsdLogout" time="9.946"/>
  <system-out/>
  <testcase classname="tests.SportsdTest" name="verifySportsdLogin" time="13.020"/>
  <system-out/>
</testsuite> <!-- tests.SportsdTest -->
