<?xml version="1.0" encoding="UTF-8"?>
<!-- Generated by org.testng.reporters.JUnitReportReporter -->
<testsuite hostname="GK" failures="0" tests="1" name="tests.SportsdTest" time="17.339" errors="0" timestamp="2021-01-06T23:32:13 GMT" skipped="0">
  <testcase classname="tests.SportsdTest" name="verifySportsdLoginLogout" time="17.339"/>
  <system-out/>
</testsuite> <!-- tests.SportsdTest -->
